<?xml version="1.0" encoding="UTF-8"?>
<testng-results skipped="0" failed="0" ignored="0" total="1" passed="1">
  <reporter-output>
  </reporter-output>
  <suite name="OrangeHRMAutomationV1" duration-ms="34296" started-at="2021-02-22T16:55:19Z" finished-at="2021-02-22T16:55:53Z">
    <groups>
    </groups>
    <test name="OrangeHRMTest" duration-ms="34296" started-at="2021-02-22T16:55:19Z" finished-at="2021-02-22T16:55:53Z">
      <class name="com.OrangeHRMAutomation.testcases.TC_LogoDisplayed_002">
        <test-method status="PASS" signature="openBrowser(java.lang.String)[pri:0, instance:com.OrangeHRMAutomation.testcases.TC_LogoDisplayed_002@14bf9759]" name="openBrowser" is-config="true" duration-ms="16535" started-at="2021-02-22T16:55:20Z" finished-at="2021-02-22T16:55:36Z">
          <params>
            <param index="0">
              <value>
                <![CDATA[chrome]]>
              </value>
            </param>
          </params>
          <reporter-output>
          </reporter-output>
        </test-method> <!-- openBrowser -->
        <test-method status="PASS" signature="logoCheck()[pri:0, instance:com.OrangeHRMAutomation.testcases.TC_LogoDisplayed_002@14bf9759]" name="logoCheck" duration-ms="16814" started-at="2021-02-22T16:55:36Z" finished-at="2021-02-22T16:55:53Z">
          <reporter-output>
          </reporter-output>
        </test-method> <!-- logoCheck -->
        <test-method status="PASS" signature="closeBrowser()[pri:0, instance:com.OrangeHRMAutomation.testcases.TC_LogoDisplayed_002@14bf9759]" name="closeBrowser" is-config="true" duration-ms="0" started-at="2021-02-22T16:55:53Z" finished-at="2021-02-22T16:55:53Z">
          <reporter-output>
          </reporter-output>
        </test-method> <!-- closeBrowser -->
      </class> <!-- com.OrangeHRMAutomation.testcases.TC_LogoDisplayed_002 -->
    </test> <!-- OrangeHRMTest -->
  </suite> <!-- OrangeHRMAutomationV1 -->
</testng-results>
