<?xml version="1.0" encoding="UTF-8"?>
<!-- Generated by org.testng.reporters.JUnitXMLReporter -->
<testsuite hostname="Zinnun" ignored="0" name="OrangeHRMTest" tests="3" failures="0" timestamp="25 Mar 2022 12:01:20 GMT" time="55.789" errors="0">
  <testcase name="addNewCustomer" time="20.909" classname="com.OrangeHRMAutomation.testcases.TC_006_addEmployee_DataDriven"/>
  <testcase name="addNewCustomer" time="13.61" classname="com.OrangeHRMAutomation.testcases.TC_006_addEmployee_DataDriven"/>
  <testcase name="addNewCustomer" time="13.917" classname="com.OrangeHRMAutomation.testcases.TC_006_addEmployee_DataDriven"/>
</testsuite> <!-- OrangeHRMTest -->
